This file contains any messages produced by compilers while
running configure, to aid debugging if configure makes a mistake.

It was created by yviland configure 0.1, which was
generated by GNU Autoconf 2.69.  Invocation command line was

  $ ./configure 

## --------- ##
## Platform. ##
## --------- ##

hostname = gunibert
uname -m = x86_64
uname -r = 4.6.0
uname -s = Linux
uname -v = #2 SMP Mon May 16 14:26:13 CEST 2016

/usr/bin/uname -p = x86_64
/bin/uname -X     = unknown

/bin/arch              = x86_64
/usr/bin/arch -k       = unknown
/usr/convex/getsysinfo = unknown
/usr/bin/hostinfo      = unknown
/bin/machine           = unknown
/usr/bin/oslevel       = unknown
/bin/universe          = unknown

PATH: /home/gunibert/studium/mdk/lab/google-cloud-sdk/bin
PATH: /home/gunibert/studium/mdk/lab/google-cloud-sdk/bin
PATH: /usr/lib64/qt-3.3/bin
PATH: /usr/local/bin
PATH: /usr/local/sbin
PATH: /usr/bin
PATH: /usr/sbin
PATH: /home/gunibert/development/go/bin/
PATH: /home/gunibert/.cargo/bin
PATH: /home/gunibert/.local/bin
PATH: /home/gunibert/.fzf/bin
PATH: /home/gunibert/development/go/bin/
PATH: /home/gunibert/.cargo/bin
PATH: /home/gunibert/.local/bin


## ----------- ##
## Core tests. ##
## ----------- ##

configure:2490: checking for a BSD-compatible install
configure:2558: result: /usr/bin/install -c
configure:2569: checking whether build environment is sane
configure:2624: result: yes
configure:2775: checking for a thread-safe mkdir -p
configure:2814: result: /usr/bin/mkdir -p
configure:2821: checking for gawk
configure:2837: found /usr/bin/gawk
configure:2848: result: gawk
configure:2859: checking whether make sets $(MAKE)
configure:2881: result: yes
configure:2910: checking whether make supports nested variables
configure:2927: result: yes
configure:3082: checking build system type
configure:3096: result: x86_64-unknown-linux-gnu
configure:3116: checking host system type
configure:3129: result: x86_64-unknown-linux-gnu
configure:3170: checking how to print strings
configure:3197: result: printf
configure:3230: checking for style of include used by make
configure:3258: result: GNU
configure:3329: checking for gcc
configure:3345: found /usr/bin/gcc
configure:3356: result: gcc
configure:3585: checking for C compiler version
configure:3594: gcc --version >&5
gcc (GCC) 6.1.1 20160510 (Red Hat 6.1.1-2)
Copyright (C) 2016 Free Software Foundation, Inc.
This is free software; see the source for copying conditions.  There is NO
warranty; not even for MERCHANTABILITY or FITNESS FOR A PARTICULAR PURPOSE.

configure:3605: $? = 0
configure:3594: gcc -v >&5
Using built-in specs.
COLLECT_GCC=gcc
COLLECT_LTO_WRAPPER=/usr/libexec/gcc/x86_64-redhat-linux/6.1.1/lto-wrapper
Target: x86_64-redhat-linux
Configured with: ../configure --enable-bootstrap --enable-languages=c,c++,objc,obj-c++,fortran,ada,go,lto --prefix=/usr --mandir=/usr/share/man --infodir=/usr/share/info --with-bugurl=http://bugzilla.redhat.com/bugzilla --enable-shared --enable-threads=posix --enable-checking=release --enable-multilib --with-system-zlib --enable-__cxa_atexit --disable-libunwind-exceptions --enable-gnu-unique-object --enable-linker-build-id --with-linker-hash-style=gnu --enable-plugin --enable-initfini-array --disable-libgcj --with-isl --enable-libmpx --enable-gnu-indirect-function --with-tune=generic --with-arch_32=i686 --build=x86_64-redhat-linux
Thread model: posix
gcc version 6.1.1 20160510 (Red Hat 6.1.1-2) (GCC) 
configure:3605: $? = 0
configure:3594: gcc -V >&5
gcc: error: unrecognized command line option '-V'
gcc: fatal error: no input files
compilation terminated.
configure:3605: $? = 1
configure:3594: gcc -qversion >&5
gcc: error: unrecognized command line option '-qversion'; did you mean '--version'?
gcc: fatal error: no input files
compilation terminated.
configure:3605: $? = 1
configure:3625: checking whether the C compiler works
configure:3647: gcc    conftest.c  >&5
configure:3651: $? = 0
configure:3699: result: yes
configure:3702: checking for C compiler default output file name
configure:3704: result: a.out
configure:3710: checking for suffix of executables
configure:3717: gcc -o conftest    conftest.c  >&5
configure:3721: $? = 0
configure:3743: result: 
configure:3765: checking whether we are cross compiling
configure:3773: gcc -o conftest    conftest.c  >&5
configure:3777: $? = 0
configure:3784: ./conftest
configure:3788: $? = 0
configure:3803: result: no
configure:3808: checking for suffix of object files
configure:3830: gcc -c   conftest.c >&5
configure:3834: $? = 0
configure:3855: result: o
configure:3859: checking whether we are using the GNU C compiler
configure:3878: gcc -c   conftest.c >&5
configure:3878: $? = 0
configure:3887: result: yes
configure:3896: checking whether gcc accepts -g
configure:3916: gcc -c -g  conftest.c >&5
configure:3916: $? = 0
configure:3957: result: yes
configure:3974: checking for gcc option to accept ISO C89
configure:4037: gcc  -c -g -O2  conftest.c >&5
configure:4037: $? = 0
configure:4050: result: none needed
configure:4075: checking whether gcc understands -c and -o together
configure:4097: gcc -c conftest.c -o conftest2.o
configure:4100: $? = 0
configure:4097: gcc -c conftest.c -o conftest2.o
configure:4100: $? = 0
configure:4112: result: yes
configure:4131: checking dependency style of gcc
configure:4242: result: gcc3
configure:4257: checking for a sed that does not truncate output
configure:4321: result: /usr/bin/sed
configure:4339: checking for grep that handles long lines and -e
configure:4397: result: /usr/bin/grep
configure:4402: checking for egrep
configure:4464: result: /usr/bin/grep -E
configure:4469: checking for fgrep
configure:4531: result: /usr/bin/grep -F
configure:4566: checking for ld used by gcc
configure:4633: result: /usr/bin/ld
configure:4640: checking if the linker (/usr/bin/ld) is GNU ld
configure:4655: result: yes
configure:4667: checking for BSD- or MS-compatible name lister (nm)
configure:4721: result: /usr/bin/nm -B
configure:4851: checking the name lister (/usr/bin/nm -B) interface
configure:4858: gcc -c -g -O2  conftest.c >&5
configure:4861: /usr/bin/nm -B "conftest.o"
configure:4864: output
0000000000000000 B some_variable
configure:4871: result: BSD nm
configure:4874: checking whether ln -s works
configure:4878: result: yes
configure:4886: checking the maximum length of command line arguments
configure:5017: result: 1572864
configure:5065: checking how to convert x86_64-unknown-linux-gnu file names to x86_64-unknown-linux-gnu format
configure:5105: result: func_convert_file_noop
configure:5112: checking how to convert x86_64-unknown-linux-gnu file names to toolchain format
configure:5132: result: func_convert_file_noop
configure:5139: checking for /usr/bin/ld option to reload object files
configure:5146: result: -r
configure:5220: checking for objdump
configure:5236: found /usr/bin/objdump
configure:5247: result: objdump
configure:5279: checking how to recognize dependent libraries
configure:5479: result: pass_all
configure:5564: checking for dlltool
configure:5594: result: no
configure:5624: checking how to associate runtime and link libraries
configure:5651: result: printf %s\n
configure:5712: checking for ar
configure:5728: found /usr/bin/ar
configure:5739: result: ar
configure:5776: checking for archiver @FILE support
configure:5793: gcc -c -g -O2  conftest.c >&5
configure:5793: $? = 0
configure:5796: ar cru libconftest.a @conftest.lst >&5
configure:5799: $? = 0
configure:5804: ar cru libconftest.a @conftest.lst >&5
ar: conftest.o: No such file or directory
configure:5807: $? = 1
configure:5819: result: @
configure:5877: checking for strip
configure:5893: found /usr/bin/strip
configure:5904: result: strip
configure:5976: checking for ranlib
configure:5992: found /usr/bin/ranlib
configure:6003: result: ranlib
configure:6105: checking command to parse /usr/bin/nm -B output from gcc object
configure:6258: gcc -c -g -O2  conftest.c >&5
configure:6261: $? = 0
configure:6265: /usr/bin/nm -B conftest.o \| sed -n -e 's/^.*[ ]\([ABCDGIRSTW][ABCDGIRSTW]*\)[ ][ ]*\([_A-Za-z][_A-Za-z0-9]*\)$/\1 \2 \2/p' | sed '/ __gnu_lto/d' \> conftest.nm
configure:6268: $? = 0
configure:6334: gcc -o conftest -g -O2   conftest.c conftstm.o >&5
configure:6337: $? = 0
configure:6375: result: ok
configure:6422: checking for sysroot
configure:6452: result: no
configure:6459: checking for a working dd
configure:6497: result: /usr/bin/dd
configure:6501: checking how to truncate binary pipes
configure:6516: result: /usr/bin/dd bs=4096 count=1
configure:6652: gcc -c -g -O2  conftest.c >&5
configure:6655: $? = 0
configure:6845: checking for mt
configure:6875: result: no
configure:6895: checking if : is a manifest tool
configure:6901: : '-?'
configure:6909: result: no
configure:7586: checking how to run the C preprocessor
configure:7617: gcc -E  conftest.c
configure:7617: $? = 0
configure:7631: gcc -E  conftest.c
conftest.c:11:28: fatal error: ac_nonexistent.h: No such file or directory
 #include <ac_nonexistent.h>
                            ^
compilation terminated.
configure:7631: $? = 1
configure: failed program was:
| /* confdefs.h */
| #define PACKAGE_NAME "yviland"
| #define PACKAGE_TARNAME "yviland"
| #define PACKAGE_VERSION "0.1"
| #define PACKAGE_STRING "yviland 0.1"
| #define PACKAGE_BUGREPORT "info@gunibert.de"
| #define PACKAGE_URL ""
| #define PACKAGE "yviland"
| #define VERSION "0.1"
| /* end confdefs.h.  */
| #include <ac_nonexistent.h>
configure:7656: result: gcc -E
configure:7676: gcc -E  conftest.c
configure:7676: $? = 0
configure:7690: gcc -E  conftest.c
conftest.c:11:28: fatal error: ac_nonexistent.h: No such file or directory
 #include <ac_nonexistent.h>
                            ^
compilation terminated.
configure:7690: $? = 1
configure: failed program was:
| /* confdefs.h */
| #define PACKAGE_NAME "yviland"
| #define PACKAGE_TARNAME "yviland"
| #define PACKAGE_VERSION "0.1"
| #define PACKAGE_STRING "yviland 0.1"
| #define PACKAGE_BUGREPORT "info@gunibert.de"
| #define PACKAGE_URL ""
| #define PACKAGE "yviland"
| #define VERSION "0.1"
| /* end confdefs.h.  */
| #include <ac_nonexistent.h>
configure:7719: checking for ANSI C header files
configure:7739: gcc -c -g -O2  conftest.c >&5
configure:7739: $? = 0
configure:7812: gcc -o conftest -g -O2   conftest.c  >&5
configure:7812: $? = 0
configure:7812: ./conftest
configure:7812: $? = 0
configure:7823: result: yes
configure:7836: checking for sys/types.h
configure:7836: gcc -c -g -O2  conftest.c >&5
configure:7836: $? = 0
configure:7836: result: yes
configure:7836: checking for sys/stat.h
configure:7836: gcc -c -g -O2  conftest.c >&5
configure:7836: $? = 0
configure:7836: result: yes
configure:7836: checking for stdlib.h
configure:7836: gcc -c -g -O2  conftest.c >&5
configure:7836: $? = 0
configure:7836: result: yes
configure:7836: checking for string.h
configure:7836: gcc -c -g -O2  conftest.c >&5
configure:7836: $? = 0
configure:7836: result: yes
configure:7836: checking for memory.h
configure:7836: gcc -c -g -O2  conftest.c >&5
configure:7836: $? = 0
configure:7836: result: yes
configure:7836: checking for strings.h
configure:7836: gcc -c -g -O2  conftest.c >&5
configure:7836: $? = 0
configure:7836: result: yes
configure:7836: checking for inttypes.h
configure:7836: gcc -c -g -O2  conftest.c >&5
configure:7836: $? = 0
configure:7836: result: yes
configure:7836: checking for stdint.h
configure:7836: gcc -c -g -O2  conftest.c >&5
configure:7836: $? = 0
configure:7836: result: yes
configure:7836: checking for unistd.h
configure:7836: gcc -c -g -O2  conftest.c >&5
configure:7836: $? = 0
configure:7836: result: yes
configure:7850: checking for dlfcn.h
configure:7850: gcc -c -g -O2  conftest.c >&5
configure:7850: $? = 0
configure:7850: result: yes
configure:8106: checking for objdir
configure:8121: result: .libs
configure:8385: checking if gcc supports -fno-rtti -fno-exceptions
configure:8403: gcc -c -g -O2  -fno-rtti -fno-exceptions conftest.c >&5
cc1: warning: command line option '-fno-rtti' is valid for C++/ObjC++ but not for C
configure:8407: $? = 0
configure:8420: result: no
configure:8778: checking for gcc option to produce PIC
configure:8785: result: -fPIC -DPIC
configure:8793: checking if gcc PIC flag -fPIC -DPIC works
configure:8811: gcc -c -g -O2  -fPIC -DPIC -DPIC conftest.c >&5
configure:8815: $? = 0
configure:8828: result: yes
configure:8857: checking if gcc static flag -static works
configure:8885: result: no
configure:8900: checking if gcc supports -c -o file.o
configure:8921: gcc -c -g -O2  -o out/conftest2.o conftest.c >&5
configure:8925: $? = 0
configure:8947: result: yes
configure:8955: checking if gcc supports -c -o file.o
configure:9002: result: yes
configure:9035: checking whether the gcc linker (/usr/bin/ld -m elf_x86_64) supports shared libraries
configure:10294: result: yes
configure:10331: checking whether -lc should be explicitly linked in
configure:10339: gcc -c -g -O2  conftest.c >&5
configure:10342: $? = 0
configure:10357: gcc -shared  -fPIC -DPIC conftest.o  -v -Wl,-soname -Wl,conftest -o conftest 2\>\&1 \| /usr/bin/grep  -lc  \>/dev/null 2\>\&1
configure:10360: $? = 0
configure:10374: result: no
configure:10534: checking dynamic linker characteristics
configure:11115: gcc -o conftest -g -O2   -Wl,-rpath -Wl,/foo conftest.c  >&5
configure:11115: $? = 0
configure:11355: result: GNU/Linux ld.so
configure:11477: checking how to hardcode library paths into programs
configure:11502: result: immediate
configure:12050: checking whether stripping libraries is possible
configure:12055: result: yes
configure:12090: checking if libtool supports shared libraries
configure:12092: result: yes
configure:12095: checking whether to build shared libraries
configure:12120: result: yes
configure:12123: checking whether to build static libraries
configure:12127: result: yes
configure:12225: checking for g++
configure:12241: found /usr/bin/g++
configure:12252: result: g++
configure:12279: checking for C++ compiler version
configure:12288: g++ --version >&5
g++ (GCC) 6.1.1 20160510 (Red Hat 6.1.1-2)
Copyright (C) 2016 Free Software Foundation, Inc.
This is free software; see the source for copying conditions.  There is NO
warranty; not even for MERCHANTABILITY or FITNESS FOR A PARTICULAR PURPOSE.

configure:12299: $? = 0
configure:12288: g++ -v >&5
Using built-in specs.
COLLECT_GCC=g++
COLLECT_LTO_WRAPPER=/usr/libexec/gcc/x86_64-redhat-linux/6.1.1/lto-wrapper
Target: x86_64-redhat-linux
Configured with: ../configure --enable-bootstrap --enable-languages=c,c++,objc,obj-c++,fortran,ada,go,lto --prefix=/usr --mandir=/usr/share/man --infodir=/usr/share/info --with-bugurl=http://bugzilla.redhat.com/bugzilla --enable-shared --enable-threads=posix --enable-checking=release --enable-multilib --with-system-zlib --enable-__cxa_atexit --disable-libunwind-exceptions --enable-gnu-unique-object --enable-linker-build-id --with-linker-hash-style=gnu --enable-plugin --enable-initfini-array --disable-libgcj --with-isl --enable-libmpx --enable-gnu-indirect-function --with-tune=generic --with-arch_32=i686 --build=x86_64-redhat-linux
Thread model: posix
gcc version 6.1.1 20160510 (Red Hat 6.1.1-2) (GCC) 
configure:12299: $? = 0
configure:12288: g++ -V >&5
g++: error: unrecognized command line option '-V'
g++: fatal error: no input files
compilation terminated.
configure:12299: $? = 1
configure:12288: g++ -qversion >&5
g++: error: unrecognized command line option '-qversion'; did you mean '--version'?
g++: fatal error: no input files
compilation terminated.
configure:12299: $? = 1
configure:12303: checking whether we are using the GNU C++ compiler
configure:12322: g++ -c   conftest.cpp >&5
configure:12322: $? = 0
configure:12331: result: yes
configure:12340: checking whether g++ accepts -g
configure:12360: g++ -c -g  conftest.cpp >&5
configure:12360: $? = 0
configure:12401: result: yes
configure:12426: checking dependency style of g++
configure:12537: result: gcc3
configure:12570: checking how to run the C++ preprocessor
configure:12597: g++ -E  conftest.cpp
configure:12597: $? = 0
configure:12611: g++ -E  conftest.cpp
conftest.cpp:23:28: fatal error: ac_nonexistent.h: No such file or directory
 #include <ac_nonexistent.h>
                            ^
compilation terminated.
configure:12611: $? = 1
configure: failed program was:
| /* confdefs.h */
| #define PACKAGE_NAME "yviland"
| #define PACKAGE_TARNAME "yviland"
| #define PACKAGE_VERSION "0.1"
| #define PACKAGE_STRING "yviland 0.1"
| #define PACKAGE_BUGREPORT "info@gunibert.de"
| #define PACKAGE_URL ""
| #define PACKAGE "yviland"
| #define VERSION "0.1"
| #define STDC_HEADERS 1
| #define HAVE_SYS_TYPES_H 1
| #define HAVE_SYS_STAT_H 1
| #define HAVE_STDLIB_H 1
| #define HAVE_STRING_H 1
| #define HAVE_MEMORY_H 1
| #define HAVE_STRINGS_H 1
| #define HAVE_INTTYPES_H 1
| #define HAVE_STDINT_H 1
| #define HAVE_UNISTD_H 1
| #define HAVE_DLFCN_H 1
| #define LT_OBJDIR ".libs/"
| /* end confdefs.h.  */
| #include <ac_nonexistent.h>
configure:12636: result: g++ -E
configure:12656: g++ -E  conftest.cpp
configure:12656: $? = 0
configure:12670: g++ -E  conftest.cpp
conftest.cpp:23:28: fatal error: ac_nonexistent.h: No such file or directory
 #include <ac_nonexistent.h>
                            ^
compilation terminated.
configure:12670: $? = 1
configure: failed program was:
| /* confdefs.h */
| #define PACKAGE_NAME "yviland"
| #define PACKAGE_TARNAME "yviland"
| #define PACKAGE_VERSION "0.1"
| #define PACKAGE_STRING "yviland 0.1"
| #define PACKAGE_BUGREPORT "info@gunibert.de"
| #define PACKAGE_URL ""
| #define PACKAGE "yviland"
| #define VERSION "0.1"
| #define STDC_HEADERS 1
| #define HAVE_SYS_TYPES_H 1
| #define HAVE_SYS_STAT_H 1
| #define HAVE_STDLIB_H 1
| #define HAVE_STRING_H 1
| #define HAVE_MEMORY_H 1
| #define HAVE_STRINGS_H 1
| #define HAVE_INTTYPES_H 1
| #define HAVE_STDINT_H 1
| #define HAVE_UNISTD_H 1
| #define HAVE_DLFCN_H 1
| #define LT_OBJDIR ".libs/"
| /* end confdefs.h.  */
| #include <ac_nonexistent.h>
configure:12832: checking for ld used by g++
configure:12899: result: /usr/bin/ld -m elf_x86_64
configure:12906: checking if the linker (/usr/bin/ld -m elf_x86_64) is GNU ld
configure:12921: result: yes
configure:12976: checking whether the g++ linker (/usr/bin/ld -m elf_x86_64) supports shared libraries
configure:14049: result: yes
configure:14085: g++ -c -g -O2  conftest.cpp >&5
configure:14088: $? = 0
configure:14569: checking for g++ option to produce PIC
configure:14576: result: -fPIC -DPIC
configure:14584: checking if g++ PIC flag -fPIC -DPIC works
configure:14602: g++ -c -g -O2  -fPIC -DPIC -DPIC conftest.cpp >&5
configure:14606: $? = 0
configure:14619: result: yes
configure:14642: checking if g++ static flag -static works
configure:14670: result: no
configure:14682: checking if g++ supports -c -o file.o
configure:14703: g++ -c -g -O2  -o out/conftest2.o conftest.cpp >&5
configure:14707: $? = 0
configure:14729: result: yes
configure:14734: checking if g++ supports -c -o file.o
configure:14781: result: yes
configure:14811: checking whether the g++ linker (/usr/bin/ld -m elf_x86_64) supports shared libraries
configure:14851: result: yes
configure:14992: checking dynamic linker characteristics
configure:15740: result: GNU/Linux ld.so
configure:15805: checking how to hardcode library paths into programs
configure:15830: result: immediate
configure:15874: checking for gawk
configure:15901: result: gawk
configure:15960: checking for gcc
configure:15987: result: gcc
configure:16216: checking for C compiler version
configure:16225: gcc --version >&5
gcc (GCC) 6.1.1 20160510 (Red Hat 6.1.1-2)
Copyright (C) 2016 Free Software Foundation, Inc.
This is free software; see the source for copying conditions.  There is NO
warranty; not even for MERCHANTABILITY or FITNESS FOR A PARTICULAR PURPOSE.

configure:16236: $? = 0
configure:16225: gcc -v >&5
Using built-in specs.
COLLECT_GCC=gcc
COLLECT_LTO_WRAPPER=/usr/libexec/gcc/x86_64-redhat-linux/6.1.1/lto-wrapper
Target: x86_64-redhat-linux
Configured with: ../configure --enable-bootstrap --enable-languages=c,c++,objc,obj-c++,fortran,ada,go,lto --prefix=/usr --mandir=/usr/share/man --infodir=/usr/share/info --with-bugurl=http://bugzilla.redhat.com/bugzilla --enable-shared --enable-threads=posix --enable-checking=release --enable-multilib --with-system-zlib --enable-__cxa_atexit --disable-libunwind-exceptions --enable-gnu-unique-object --enable-linker-build-id --with-linker-hash-style=gnu --enable-plugin --enable-initfini-array --disable-libgcj --with-isl --enable-libmpx --enable-gnu-indirect-function --with-tune=generic --with-arch_32=i686 --build=x86_64-redhat-linux
Thread model: posix
gcc version 6.1.1 20160510 (Red Hat 6.1.1-2) (GCC) 
configure:16236: $? = 0
configure:16225: gcc -V >&5
gcc: error: unrecognized command line option '-V'
gcc: fatal error: no input files
compilation terminated.
configure:16236: $? = 1
configure:16225: gcc -qversion >&5
gcc: error: unrecognized command line option '-qversion'; did you mean '--version'?
gcc: fatal error: no input files
compilation terminated.
configure:16236: $? = 1
configure:16240: checking whether we are using the GNU C compiler
configure:16268: result: yes
configure:16277: checking whether gcc accepts -g
configure:16338: result: yes
configure:16355: checking for gcc option to accept ISO C89
configure:16431: result: none needed
configure:16456: checking whether gcc understands -c and -o together
configure:16493: result: yes
configure:16512: checking dependency style of gcc
configure:16623: result: gcc3
configure:16643: checking how to run the C preprocessor
configure:16713: result: gcc -E
configure:16733: gcc -E  conftest.c
configure:16733: $? = 0
configure:16747: gcc -E  conftest.c
conftest.c:23:28: fatal error: ac_nonexistent.h: No such file or directory
 #include <ac_nonexistent.h>
                            ^
compilation terminated.
configure:16747: $? = 1
configure: failed program was:
| /* confdefs.h */
| #define PACKAGE_NAME "yviland"
| #define PACKAGE_TARNAME "yviland"
| #define PACKAGE_VERSION "0.1"
| #define PACKAGE_STRING "yviland 0.1"
| #define PACKAGE_BUGREPORT "info@gunibert.de"
| #define PACKAGE_URL ""
| #define PACKAGE "yviland"
| #define VERSION "0.1"
| #define STDC_HEADERS 1
| #define HAVE_SYS_TYPES_H 1
| #define HAVE_SYS_STAT_H 1
| #define HAVE_STDLIB_H 1
| #define HAVE_STRING_H 1
| #define HAVE_MEMORY_H 1
| #define HAVE_STRINGS_H 1
| #define HAVE_INTTYPES_H 1
| #define HAVE_STDINT_H 1
| #define HAVE_UNISTD_H 1
| #define HAVE_DLFCN_H 1
| #define LT_OBJDIR ".libs/"
| /* end confdefs.h.  */
| #include <ac_nonexistent.h>
configure:16776: checking whether ln -s works
configure:16780: result: yes
configure:16787: checking whether make sets $(MAKE)
configure:16809: result: yes
configure:16861: checking for ranlib
configure:16888: result: ranlib
configure:16912: checking for valac
configure:16930: found /usr/bin/valac
configure:16943: result: /usr/bin/valac
configure:16952: checking whether /usr/bin/valac is at least version 0.32
configure:16960: result: yes
configure:17037: checking for pkg-config
configure:17055: found /usr/bin/pkg-config
configure:17067: result: /usr/bin/pkg-config
configure:17092: checking pkg-config is at least version 0.9.0
configure:17095: result: yes
configure:17105: checking for YVILAND
configure:17121: $PKG_CONFIG --exists --print-errors "
			gio-2.0 >= 2.42
			glib-2.0
			gobject-2.0
			sdl2
			SDL2_image
            SDL2_ttf
			gee-0.8
			gxml-0.10
"
configure:17133: $? = 0
configure:17165: $PKG_CONFIG --exists --print-errors "
			gio-2.0 >= 2.42
			glib-2.0
			gobject-2.0
			sdl2
			SDL2_image
            SDL2_ttf
			gee-0.8
			gxml-0.10
"
configure:17177: $? = 0
configure:17271: result: yes
configure:17278: checking for ENGINE
configure:17289: $PKG_CONFIG --exists --print-errors "
			gobject-2.0
			glib-2.0
			gee-0.8
"
configure:17296: $? = 0
configure:17318: $PKG_CONFIG --exists --print-errors "
			gobject-2.0
			glib-2.0
			gee-0.8
"
configure:17325: $? = 0
configure:17399: result: yes
configure:17406: checking for TILED
configure:17418: $PKG_CONFIG --exists --print-errors "
			glib-2.0
			gobject-2.0
			gxml-0.10
			sdl2
"
configure:17426: $? = 0
configure:17450: $PKG_CONFIG --exists --print-errors "
			glib-2.0
			gobject-2.0
			gxml-0.10
			sdl2
"
configure:17458: $? = 0
configure:17536: result: yes
configure:17545: checking float.h usability
configure:17545: gcc -c -g -O2  conftest.c >&5
configure:17545: $? = 0
configure:17545: result: yes
configure:17545: checking float.h presence
configure:17545: gcc -E  conftest.c
configure:17545: $? = 0
configure:17545: result: yes
configure:17545: checking for float.h
configure:17545: result: yes
configure:17545: checking for stdlib.h
configure:17545: result: yes
configure:17545: checking for string.h
configure:17545: result: yes
configure:17561: checking for memset
configure:17561: gcc -o conftest -g -O2   conftest.c  >&5
conftest.c:49:6: warning: conflicting types for built-in function 'memset'
 char memset ();
      ^~~~~~
configure:17561: $? = 0
configure:17561: result: yes
configure:17682: checking that generated files are newer than configure
configure:17688: result: done
configure:17719: creating ./config.status

## ---------------------- ##
## Running config.status. ##
## ---------------------- ##

This file was extended by yviland config.status 0.1, which was
generated by GNU Autoconf 2.69.  Invocation command line was

  CONFIG_FILES    = 
  CONFIG_HEADERS  = 
  CONFIG_LINKS    = 
  CONFIG_COMMANDS = 
  $ ./config.status 

on gunibert

config.status:1168: creating Makefile
config.status:1168: creating data/Makefile
config.status:1168: creating m4/Makefile
config.status:1168: creating src/Makefile
config.status:1168: creating tmx/Makefile
config.status:1168: creating engine/Makefile
config.status:1168: creating vapi/Makefile
config.status:1168: creating config.h
config.status:1397: executing depfiles commands
config.status:1397: executing libtool commands

## ---------------- ##
## Cache variables. ##
## ---------------- ##

ac_cv_build=x86_64-unknown-linux-gnu
ac_cv_c_compiler_gnu=yes
ac_cv_cxx_compiler_gnu=yes
ac_cv_env_CCC_set=
ac_cv_env_CCC_value=
ac_cv_env_CC_set=
ac_cv_env_CC_value=
ac_cv_env_CFLAGS_set=
ac_cv_env_CFLAGS_value=
ac_cv_env_CPPFLAGS_set=
ac_cv_env_CPPFLAGS_value=
ac_cv_env_CPP_set=
ac_cv_env_CPP_value=
ac_cv_env_CXXCPP_set=
ac_cv_env_CXXCPP_value=
ac_cv_env_CXXFLAGS_set=
ac_cv_env_CXXFLAGS_value=
ac_cv_env_CXX_set=
ac_cv_env_CXX_value=
ac_cv_env_ENGINE_CFLAGS_set=
ac_cv_env_ENGINE_CFLAGS_value=
ac_cv_env_ENGINE_LIBS_set=
ac_cv_env_ENGINE_LIBS_value=
ac_cv_env_LDFLAGS_set=
ac_cv_env_LDFLAGS_value=
ac_cv_env_LIBS_set=
ac_cv_env_LIBS_value=
ac_cv_env_LT_SYS_LIBRARY_PATH_set=
ac_cv_env_LT_SYS_LIBRARY_PATH_value=
ac_cv_env_PKG_CONFIG_LIBDIR_set=
ac_cv_env_PKG_CONFIG_LIBDIR_value=
ac_cv_env_PKG_CONFIG_PATH_set=set
ac_cv_env_PKG_CONFIG_PATH_value=:/usr/local/lib/pkgconfig/:/usr/local/lib/pkgconfig/
ac_cv_env_PKG_CONFIG_set=
ac_cv_env_PKG_CONFIG_value=
ac_cv_env_TILED_CFLAGS_set=
ac_cv_env_TILED_CFLAGS_value=
ac_cv_env_TILED_LIBS_set=
ac_cv_env_TILED_LIBS_value=
ac_cv_env_YVILAND_CFLAGS_set=
ac_cv_env_YVILAND_CFLAGS_value=
ac_cv_env_YVILAND_LIBS_set=
ac_cv_env_YVILAND_LIBS_value=
ac_cv_env_build_alias_set=
ac_cv_env_build_alias_value=
ac_cv_env_host_alias_set=
ac_cv_env_host_alias_value=
ac_cv_env_target_alias_set=
ac_cv_env_target_alias_value=
ac_cv_func_memset=yes
ac_cv_header_dlfcn_h=yes
ac_cv_header_float_h=yes
ac_cv_header_inttypes_h=yes
ac_cv_header_memory_h=yes
ac_cv_header_stdc=yes
ac_cv_header_stdint_h=yes
ac_cv_header_stdlib_h=yes
ac_cv_header_string_h=yes
ac_cv_header_strings_h=yes
ac_cv_header_sys_stat_h=yes
ac_cv_header_sys_types_h=yes
ac_cv_header_unistd_h=yes
ac_cv_host=x86_64-unknown-linux-gnu
ac_cv_objext=o
ac_cv_path_EGREP='/usr/bin/grep -E'
ac_cv_path_FGREP='/usr/bin/grep -F'
ac_cv_path_GREP=/usr/bin/grep
ac_cv_path_SED=/usr/bin/sed
ac_cv_path_VALAC=/usr/bin/valac
ac_cv_path_ac_pt_PKG_CONFIG=/usr/bin/pkg-config
ac_cv_path_install='/usr/bin/install -c'
ac_cv_path_lt_DD=/usr/bin/dd
ac_cv_path_mkdir=/usr/bin/mkdir
ac_cv_prog_AWK=gawk
ac_cv_prog_CPP='gcc -E'
ac_cv_prog_CXXCPP='g++ -E'
ac_cv_prog_ac_ct_AR=ar
ac_cv_prog_ac_ct_CC=gcc
ac_cv_prog_ac_ct_CXX=g++
ac_cv_prog_ac_ct_OBJDUMP=objdump
ac_cv_prog_ac_ct_RANLIB=ranlib
ac_cv_prog_ac_ct_STRIP=strip
ac_cv_prog_cc_c89=
ac_cv_prog_cc_g=yes
ac_cv_prog_cxx_g=yes
ac_cv_prog_make_make_set=yes
am_cv_CC_dependencies_compiler_type=gcc3
am_cv_CXX_dependencies_compiler_type=gcc3
am_cv_make_support_nested_variables=yes
am_cv_prog_cc_c_o=yes
lt_cv_ar_at_file=@
lt_cv_archive_cmds_need_lc=no
lt_cv_deplibs_check_method=pass_all
lt_cv_file_magic_cmd='$MAGIC_CMD'
lt_cv_file_magic_test_file=
lt_cv_ld_reload_flag=-r
lt_cv_nm_interface='BSD nm'
lt_cv_objdir=.libs
lt_cv_path_LD=/usr/bin/ld
lt_cv_path_LDCXX='/usr/bin/ld -m elf_x86_64'
lt_cv_path_NM='/usr/bin/nm -B'
lt_cv_path_mainfest_tool=no
lt_cv_prog_compiler_c_o=yes
lt_cv_prog_compiler_c_o_CXX=yes
lt_cv_prog_compiler_pic='-fPIC -DPIC'
lt_cv_prog_compiler_pic_CXX='-fPIC -DPIC'
lt_cv_prog_compiler_pic_works=yes
lt_cv_prog_compiler_pic_works_CXX=yes
lt_cv_prog_compiler_rtti_exceptions=no
lt_cv_prog_compiler_static_works=no
lt_cv_prog_compiler_static_works_CXX=no
lt_cv_prog_gnu_ld=yes
lt_cv_prog_gnu_ldcxx=yes
lt_cv_sharedlib_from_linklib_cmd='printf %s\n'
lt_cv_shlibpath_overrides_runpath=no
lt_cv_sys_global_symbol_pipe='sed -n -e '\''s/^.*[	 ]\([ABCDGIRSTW][ABCDGIRSTW]*\)[	 ][	 ]*\([_A-Za-z][_A-Za-z0-9]*\)$/\1 \2 \2/p'\'' | sed '\''/ __gnu_lto/d'\'''
lt_cv_sys_global_symbol_to_c_name_address='sed -n -e '\''s/^: \(.*\) .*$/  {"\1", (void *) 0},/p'\'' -e '\''s/^[ABCDGIRSTW][ABCDGIRSTW]* .* \(.*\)$/  {"\1", (void *) \&\1},/p'\'''
lt_cv_sys_global_symbol_to_c_name_address_lib_prefix='sed -n -e '\''s/^: \(.*\) .*$/  {"\1", (void *) 0},/p'\'' -e '\''s/^[ABCDGIRSTW][ABCDGIRSTW]* .* \(lib.*\)$/  {"\1", (void *) \&\1},/p'\'' -e '\''s/^[ABCDGIRSTW][ABCDGIRSTW]* .* \(.*\)$/  {"lib\1", (void *) \&\1},/p'\'''
lt_cv_sys_global_symbol_to_cdecl='sed -n -e '\''s/^T .* \(.*\)$/extern int \1();/p'\'' -e '\''s/^[ABCDGIRSTW][ABCDGIRSTW]* .* \(.*\)$/extern char \1;/p'\'''
lt_cv_sys_global_symbol_to_import=
lt_cv_sys_max_cmd_len=1572864
lt_cv_to_host_file_cmd=func_convert_file_noop
lt_cv_to_tool_file_cmd=func_convert_file_noop
lt_cv_truncate_bin='/usr/bin/dd bs=4096 count=1'
pkg_cv_ENGINE_CFLAGS='-I/usr/include/gee-0.8 -I/usr/include/glib-2.0 -I/usr/lib64/glib-2.0/include'
pkg_cv_ENGINE_LIBS='-lgee-0.8 -lgobject-2.0 -lglib-2.0'
pkg_cv_TILED_CFLAGS='-pthread -D_REENTRANT -I/usr/local/include/gxml-0.10 -I/usr/include/gee-0.8 -I/usr/include/glib-2.0 -I/usr/lib64/glib-2.0/include -I/usr/include/libxml2 -I/usr/include/SDL2'
pkg_cv_TILED_LIBS='-L/usr/local/lib -lgxml-0.10 -lgee-0.8 -lgio-2.0 -lgobject-2.0 -lglib-2.0 -lxml2 -lSDL2'
pkg_cv_YVILAND_CFLAGS='-D_REENTRANT -pthread -I/usr/local/include/gxml-0.10 -I/usr/include/SDL2 -I/usr/include/gee-0.8 -I/usr/include/glib-2.0 -I/usr/lib64/glib-2.0/include -I/usr/include/libxml2'
pkg_cv_YVILAND_LIBS='-L/usr/local/lib -lSDL2_image -lSDL2_ttf -lSDL2 -lgxml-0.10 -lgee-0.8 -lgio-2.0 -lgobject-2.0 -lglib-2.0 -lxml2'

## ----------------- ##
## Output variables. ##
## ----------------- ##

ACLOCAL='${SHELL} /home/gunibert/Projects/yviland2/missing aclocal-1.15'
AMDEPBACKSLASH='\'
AMDEP_FALSE='#'
AMDEP_TRUE=''
AMTAR='$${TAR-tar}'
AM_BACKSLASH='\'
AM_DEFAULT_V='$(AM_DEFAULT_VERBOSITY)'
AM_DEFAULT_VERBOSITY='1'
AM_V='$(V)'
AR='ar'
AUTOCONF='${SHELL} /home/gunibert/Projects/yviland2/missing autoconf'
AUTOHEADER='${SHELL} /home/gunibert/Projects/yviland2/missing autoheader'
AUTOMAKE='${SHELL} /home/gunibert/Projects/yviland2/missing automake-1.15'
AWK='gawk'
CC='gcc'
CCDEPMODE='depmode=gcc3'
CFLAGS='-g -O2'
CPP='gcc -E'
CPPFLAGS=''
CXX='g++'
CXXCPP='g++ -E'
CXXDEPMODE='depmode=gcc3'
CXXFLAGS='-g -O2'
CYGPATH_W='echo'
DEFS='-DHAVE_CONFIG_H'
DEPDIR='.deps'
DLLTOOL='false'
DSYMUTIL=''
DUMPBIN=''
ECHO_C=''
ECHO_N='-n'
ECHO_T=''
EGREP='/usr/bin/grep -E'
ENGINE_CFLAGS='-I/usr/include/gee-0.8 -I/usr/include/glib-2.0 -I/usr/lib64/glib-2.0/include'
ENGINE_LIBS='-lgee-0.8 -lgobject-2.0 -lglib-2.0'
EXEEXT=''
FGREP='/usr/bin/grep -F'
GREP='/usr/bin/grep'
INSTALL_DATA='${INSTALL} -m 644'
INSTALL_PROGRAM='${INSTALL}'
INSTALL_SCRIPT='${INSTALL}'
INSTALL_STRIP_PROGRAM='$(install_sh) -c -s'
LD='/usr/bin/ld -m elf_x86_64'
LDFLAGS=''
LIBOBJS=''
LIBS=''
LIBTOOL='$(SHELL) $(top_builddir)/libtool'
LIPO=''
LN_S='ln -s'
LTLIBOBJS=''
LT_SYS_LIBRARY_PATH=''
MAKEINFO='${SHELL} /home/gunibert/Projects/yviland2/missing makeinfo'
MANIFEST_TOOL=':'
MKDIR_P='/usr/bin/mkdir -p'
NM='/usr/bin/nm -B'
NMEDIT=''
OBJDUMP='objdump'
OBJEXT='o'
OTOOL64=''
OTOOL=''
PACKAGE='yviland'
PACKAGE_BUGREPORT='info@gunibert.de'
PACKAGE_NAME='yviland'
PACKAGE_STRING='yviland 0.1'
PACKAGE_TARNAME='yviland'
PACKAGE_URL=''
PACKAGE_VERSION='0.1'
PATH_SEPARATOR=':'
PKG_CONFIG='/usr/bin/pkg-config'
PKG_CONFIG_LIBDIR=''
PKG_CONFIG_PATH=':/usr/local/lib/pkgconfig/:/usr/local/lib/pkgconfig/'
RANLIB='ranlib'
SED='/usr/bin/sed'
SET_MAKE=''
SHELL='/bin/sh'
STRIP='strip'
TILED_CFLAGS='-pthread -D_REENTRANT -I/usr/local/include/gxml-0.10 -I/usr/include/gee-0.8 -I/usr/include/glib-2.0 -I/usr/lib64/glib-2.0/include -I/usr/include/libxml2 -I/usr/include/SDL2'
TILED_LIBS='-L/usr/local/lib -lgxml-0.10 -lgee-0.8 -lgio-2.0 -lgobject-2.0 -lglib-2.0 -lxml2 -lSDL2'
VALAC='/usr/bin/valac'
VERSION='0.1'
YVILAND_CFLAGS='-D_REENTRANT -pthread -I/usr/local/include/gxml-0.10 -I/usr/include/SDL2 -I/usr/include/gee-0.8 -I/usr/include/glib-2.0 -I/usr/lib64/glib-2.0/include -I/usr/include/libxml2'
YVILAND_LIBS='-L/usr/local/lib -lSDL2_image -lSDL2_ttf -lSDL2 -lgxml-0.10 -lgee-0.8 -lgio-2.0 -lgobject-2.0 -lglib-2.0 -lxml2'
ac_ct_AR='ar'
ac_ct_CC='gcc'
ac_ct_CXX='g++'
ac_ct_DUMPBIN=''
am__EXEEXT_FALSE=''
am__EXEEXT_TRUE='#'
am__fastdepCC_FALSE='#'
am__fastdepCC_TRUE=''
am__fastdepCXX_FALSE='#'
am__fastdepCXX_TRUE=''
am__include='include'
am__isrc=''
am__leading_dot='.'
am__nodep='_no'
am__quote=''
am__tar='$${TAR-tar} chof - "$$tardir"'
am__untar='$${TAR-tar} xf -'
bindir='${exec_prefix}/bin'
build='x86_64-unknown-linux-gnu'
build_alias=''
build_cpu='x86_64'
build_os='linux-gnu'
build_vendor='unknown'
datadir='${datarootdir}'
datarootdir='${prefix}/share'
docdir='${datarootdir}/doc/${PACKAGE_TARNAME}'
dvidir='${docdir}'
exec_prefix='${prefix}'
host='x86_64-unknown-linux-gnu'
host_alias=''
host_cpu='x86_64'
host_os='linux-gnu'
host_vendor='unknown'
htmldir='${docdir}'
includedir='${prefix}/include'
infodir='${datarootdir}/info'
install_sh='${SHELL} /home/gunibert/Projects/yviland2/install-sh'
libdir='${exec_prefix}/lib'
libexecdir='${exec_prefix}/libexec'
localedir='${datarootdir}/locale'
localstatedir='${prefix}/var'
mandir='${datarootdir}/man'
mkdir_p='$(MKDIR_P)'
oldincludedir='/usr/include'
pdfdir='${docdir}'
prefix='/usr/local'
program_transform_name='s,x,x,'
psdir='${docdir}'
sbindir='${exec_prefix}/sbin'
sharedstatedir='${prefix}/com'
sysconfdir='${prefix}/etc'
target_alias=''

## ----------- ##
## confdefs.h. ##
## ----------- ##

/* confdefs.h */
#define PACKAGE_NAME "yviland"
#define PACKAGE_TARNAME "yviland"
#define PACKAGE_VERSION "0.1"
#define PACKAGE_STRING "yviland 0.1"
#define PACKAGE_BUGREPORT "info@gunibert.de"
#define PACKAGE_URL ""
#define PACKAGE "yviland"
#define VERSION "0.1"
#define STDC_HEADERS 1
#define HAVE_SYS_TYPES_H 1
#define HAVE_SYS_STAT_H 1
#define HAVE_STDLIB_H 1
#define HAVE_STRING_H 1
#define HAVE_MEMORY_H 1
#define HAVE_STRINGS_H 1
#define HAVE_INTTYPES_H 1
#define HAVE_STDINT_H 1
#define HAVE_UNISTD_H 1
#define HAVE_DLFCN_H 1
#define LT_OBJDIR ".libs/"
#define HAVE_FLOAT_H 1
#define HAVE_STDLIB_H 1
#define HAVE_STRING_H 1
#define HAVE_MEMSET 1

configure: exit 0
